2023-04-18 20:45:30 INFO  Log:15 - ****************************
2023-04-18 20:45:30 INFO  Log:16 - ****************************
2023-04-18 20:45:30 INFO  Log:17 - **********This is the beginning of my Test case**********
2023-04-18 20:45:30 INFO  Log:30 - My test case is executing right now
2023-04-18 20:45:30 INFO  Log:35 - My test case might have some trivial issues
2023-04-18 20:46:33 INFO  Log:30 - This test case is about to get completed
2023-04-18 20:46:33 INFO  Log:23 - ######################################
2023-04-18 20:46:33 INFO  Log:24 - ######################################
2023-04-18 20:46:33 INFO  Log:25 - #################This test case is finished#####################
2023-05-13 12:27:30 INFO  Log:15 - ****************************
2023-05-13 12:27:30 INFO  Log:16 - ****************************
2023-05-13 12:27:30 INFO  Log:17 - **********This is the beginning of my Test case**********
2023-05-13 12:27:30 INFO  Log:30 - My test case is executing right now
2023-05-13 12:27:30 INFO  Log:35 - My test case might have some trivial issues
2023-05-13 12:27:54 INFO  Log:30 - This test case is about to get completed
2023-05-13 12:27:54 INFO  Log:23 - ######################################
2023-05-13 12:27:54 INFO  Log:24 - ######################################
2023-05-13 12:27:54 INFO  Log:25 - #################This test case is finished#####################
2023-05-13 12:39:51 INFO  Log:15 - ****************************
2023-05-13 12:39:51 INFO  Log:16 - ****************************
2023-05-13 12:39:51 INFO  Log:17 - **********This is the beginning of my Test case**********
2023-05-13 12:39:51 INFO  Log:30 - My test case is executing right now
2023-05-13 12:39:51 INFO  Log:35 - My test case might have some trivial issues
2023-05-13 12:39:58 INFO  Log:30 - This test case is about to get completed
2023-05-13 12:39:58 INFO  Log:23 - ######################################
2023-05-13 12:39:58 INFO  Log:24 - ######################################
2023-05-13 12:39:58 INFO  Log:25 - #################This test case is finished#####################
2023-05-30 21:32:30 INFO  Log:15 - ****************************
2023-05-30 21:32:30 INFO  Log:16 - ****************************
2023-05-30 21:32:30 INFO  Log:17 - **********This is the beginning of my Test case**********
2023-05-30 21:32:30 INFO  Log:30 - My test case is executing right now
2023-05-30 21:32:30 INFO  Log:35 - My test case might have some trivial issues
2023-05-30 21:32:56 INFO  Log:30 - This test case is about to get completed
2023-05-30 21:32:56 INFO  Log:23 - ######################################
2023-05-30 21:32:56 INFO  Log:24 - ######################################
2023-05-30 21:32:56 INFO  Log:25 - #################This test case is finished#####################
